Performing C SOURCE FILE Test CMAKE_HAVE_LIBC_PTHREAD failed with the following output:
Change Dir: /mnt/lun1/home/dbw/grape-gundam/include/gundam/build/CMakeFiles/CMakeTmp

Run Build Command(s):/usr/bin/gmake cmTC_3000f/fast && /usr/bin/gmake -f CMakeFiles/cmTC_3000f.dir/build.make CMakeFiles/cmTC_3000f.dir/build
gmake[1]: 进入目录“/mnt/lun1/home/dbw/grape-gundam/include/gundam/build/CMakeFiles/CMakeTmp”
Building C object CMakeFiles/cmTC_3000f.dir/src.c.o
/usr/bin/cc   -DCMAKE_HAVE_LIBC_PTHREAD   -o CMakeFiles/cmTC_3000f.dir/src.c.o   -c /mnt/lun1/home/dbw/grape-gundam/include/gundam/build/CMakeFiles/CMakeTmp/src.c
Linking C executable cmTC_3000f
/usr/bin/cmake -E cmake_link_script CMakeFiles/cmTC_3000f.dir/link.txt --verbose=1
/usr/bin/cc  -DCMAKE_HAVE_LIBC_PTHREAD    CMakeFiles/cmTC_3000f.dir/src.c.o  -o cmTC_3000f 
/opt/rh/devtoolset-9/root/usr/libexec/gcc/x86_64-redhat-linux/9/ld: CMakeFiles/cmTC_3000f.dir/src.c.o: in function `main':
src.c:(.text+0x2d): undefined reference to `pthread_create'
/opt/rh/devtoolset-9/root/usr/libexec/gcc/x86_64-redhat-linux/9/ld: src.c:(.text+0x39): undefined reference to `pthread_detach'
/opt/rh/devtoolset-9/root/usr/libexec/gcc/x86_64-redhat-linux/9/ld: src.c:(.text+0x4a): undefined reference to `pthread_join'
/opt/rh/devtoolset-9/root/usr/libexec/gcc/x86_64-redhat-linux/9/ld: src.c:(.text+0x5e): undefined reference to `pthread_atfork'
collect2: error: ld returned 1 exit status
gmake[1]: *** [cmTC_3000f] 错误 1
gmake[1]: 离开目录“/mnt/lun1/home/dbw/grape-gundam/include/gundam/build/CMakeFiles/CMakeTmp”
gmake: *** [cmTC_3000f/fast] 错误 2


Source file was:
#include <pthread.h>

void* test_func(void* data)
{
  return data;
}

int main(void)
{
  pthread_t thread;
  pthread_create(&thread, NULL, test_func, NULL);
  pthread_detach(thread);
  pthread_join(thread, NULL);
  pthread_atfork(NULL, NULL, NULL);
  pthread_exit(NULL);

  return 0;
}

Determining if the function pthread_create exists in the pthreads failed with the following output:
Change Dir: /mnt/lun1/home/dbw/grape-gundam/include/gundam/build/CMakeFiles/CMakeTmp

Run Build Command(s):/usr/bin/gmake cmTC_f8d84/fast && /usr/bin/gmake -f CMakeFiles/cmTC_f8d84.dir/build.make CMakeFiles/cmTC_f8d84.dir/build
gmake[1]: 进入目录“/mnt/lun1/home/dbw/grape-gundam/include/gundam/build/CMakeFiles/CMakeTmp”
Building C object CMakeFiles/cmTC_f8d84.dir/CheckFunctionExists.c.o
/usr/bin/cc   -DCHECK_FUNCTION_EXISTS=pthread_create   -o CMakeFiles/cmTC_f8d84.dir/CheckFunctionExists.c.o   -c /usr/share/cmake/Modules/CheckFunctionExists.c
Linking C executable cmTC_f8d84
/usr/bin/cmake -E cmake_link_script CMakeFiles/cmTC_f8d84.dir/link.txt --verbose=1
/usr/bin/cc  -DCHECK_FUNCTION_EXISTS=pthread_create    CMakeFiles/cmTC_f8d84.dir/CheckFunctionExists.c.o  -o cmTC_f8d84 -lpthreads 
/opt/rh/devtoolset-9/root/usr/libexec/gcc/x86_64-redhat-linux/9/ld: 找不到 -lpthreads
collect2: error: ld returned 1 exit status
gmake[1]: *** [cmTC_f8d84] 错误 1
gmake[1]: 离开目录“/mnt/lun1/home/dbw/grape-gundam/include/gundam/build/CMakeFiles/CMakeTmp”
gmake: *** [cmTC_f8d84/fast] 错误 2



